[20:56:16.562] Global cache location '/Users/simon/Library/Caches/typescript/3.6', safe file path '/usr/local/lib/node_modules/typescript/lib/typingsafelist.json', types map path /usr/local/lib/node_modules/typescript/lib/typesmap.json
[20:56:16.565] Processing cache location '/Users/simon/Library/Caches/typescript/3.6'
[20:56:16.568] Trying to find '/Users/simon/Library/Caches/typescript/3.6/package.json'...
[20:56:16.579] Loaded content of '/Users/simon/Library/Caches/typescript/3.6/package.json': {"private":true,"dependencies":{"types-registry":"^0.1.503"},"devDependencies":{"@types/abbrev":"^1.1.1","@types/accepts":"^1.3.5","@types/acorn":"^4.0.5","@types/ajv-errors":"^1.0.2","@types/ajv-keywords":"^3.4.0","@types/ansi-styles":"^3.2.1","@types/anymatch":"^1.3.1","@types/are-we-there-yet":"^1.1.0","@types/argparse":"^1.0.38","@types/arr-diff":"^4.0.0","@types/arr-union":"^3.1.0","@types/array-find-index":"^1.0.0","@types/array-unique":"^0.3.0","@types/asap":"^2.0.0","@types/asn1":"^0.2.0","@types/assert":"^1.5.1","@types/assert-plus":"^1.0.4","@types/async":"^3.2.3","@types/atob":"^2.1.2","@types/aws4":"^1.5.1","@types/babel-code-frame":"^6.20.4","@types/babel-template":"^6.25.2","@types/babel-traverse":"^6.25.5","@types/babel-types":"^7.0.8","@types/babel__core":"^7.1.9","@types/babel__plugin-transform-runtime":"^7.9.0","@types/babel__preset-env":"^7.9.0","@types/babylon":"^6.16.5","@types/balanced-match":"^1.0.1","@types/base64-js":"^1.3.0","@types/big.js":"^4.0.5","@types/bindings":"^1.3.0","@types/bluebird":"^3.5.32","@types/bn.js":"^4.11.6","@types/body-parser":"^1.19.0","@types/bonjour":"^3.5.6","@types/brace-expansion":"^1.1.0","@types/braces":"^3.0.0","@types/brorand":"^1.0.30","@types/browserslist":"^4.8.0","@types/bser":"^2.0.0","@types/buffer-from":"^1.1.0","@types/buffer-xor":"^2.0.0","@types/bytes":"^3.1.0","@types/cacache":"^12.0.1","@types/caniuse-api":"^3.0.0","@types/caniuse-lite":"^1.0.0","@types/caseless":"^0.12.2","@types/chardet":"^0.8.0","@types/check-types":"^7.3.1","@types/chownr":"^1.0.0","@types/ci-info":"^2.0.0","@types/cipher-base":"^1.0.0","@types/classnames":"^2.2.10","@types/clean-css":"^4.2.2","@types/clone":"^2.1.0","@types/clone-deep":"^4.0.1","@types/co":"^4.6.2","@types/co-body":"^5.1.0","@types/color":"^3.0.0","@types/color-convert":"^1.9.0","@types/color-name":"^1.1.1","@types/color-string":"^1.5.0","@types/combined-stream":"^1.0.2","@types/common-tags":"^1.8.0","@types/commondir":"^1.0.0","@types/component-emitter":"^1.2.9","@types/compressible":"^2.0.0","@types/compression":"^1.7.0","@types/compression-webpack-plugin":"^4.0.0","@types/concat-map":"0.0.0","@types/concat-stream":"^1.6.0","@types/connect-history-api-fallback":"^1.3.3","@types/content-disposition":"^0.5.3","@types/content-type":"^1.1.3","@types/convert-source-map":"^1.5.1","@types/cookie":"^0.4.0","@types/cookie-signature":"^1.0.3","@types/cookies":"^0.7.4","@types/copy-webpack-plugin":"^6.0.0","@types/core-js":"^2.5.3","@types/create-hash":"^1.2.2","@types/create-hmac":"^1.1.0","@types/cross-spawn":"^6.0.2","@types/css-declaration-sorter":"^5.1.0","@types/css-tree":"^1.0.3","@types/cssesc":"^3.0.0","@types/cssnano":"^4.0.0","@types/csso":"^3.5.1","@types/cssom":"^0.4.1","@types/cssstyle":"^2.2.1","@types/debug":"^4.1.5","@types/decode-uri-component":"^0.2.0","@types/deep-equal":"^1.0.1","@types/deep-extend":"^0.4.31","@types/default-gateway":"^3.0.1","@types/define-properties":"^1.1.3","@types/defined":"^1.0.0","@types/depd":"^1.1.32","@types/destroy":"^1.0.0","@types/detect-node":"^2.0.0","@types/detective":"^5.1.1","@types/diffie-hellman":"^5.0.0","@types/dir-glob":"^2.0.0","@types/doctrine":"0.0.3","@types/domexception":"^2.0.1","@types/domhandler":"^2.4.1","@types/domutils":"^1.7.2","@types/duplexify":"^3.6.0","@types/ee-first":"^1.1.0","@types/ejs":"^3.0.4","@types/elliptic":"^6.4.12","@types/encodeurl":"^1.0.0","@types/end-of-stream":"^1.4.0","@types/enhanced-resolve":"^3.0.6","@types/entities":"^1.1.1","@types/es-abstract":"^1.16.6","@types/es-to-primitive":"^1.2.2","@types/es6-shim":"^0.31.40","@types/escape-html":"^1.0.0","@types/escodegen":"0.0.6","@types/eslint":"^7.2.0","@types/eslint-scope":"^3.7.0","@types/eslint-visitor-keys":"^1.0.0","@types/esprima":"^4.0.2","@types/esquery":"^1.0.1","@types/estraverse":"^5.1.0","@types/etag":"^1.8.0","@types/events":"^3.0.0","@types/eventsource":"^1.1.2","@types/exit":"^0.1.31","@types/expand-tilde":"^2.0.0","@types/express":"^4.17.7","@types/extend":"^3.0.1","@types/extsprintf":"^1.4.1","@types/fast-json-stable-stringify":"^2.0.0","@types/fast-levenshtein":"0.0.1","@types/fb-watchman":"^2.0.0","@types/file-entry-cache":"^5.0.1","@types/file-loader":"^4.2.0","@types/finalhandler":"^1.1.0","@types/find-cache-dir":"^3.2.0","@types/findup-sync":"^2.0.2","@types/flat-cache":"^2.0.0","@types/flush-write-stream":"^1.0.0","@types/follow-redirects":"^1.13.0","@types/forever-agent":"^0.6.0","@types/forwarded":"^0.1.0","@types/fresh":"^0.5.0","@types/from2":"^2.3.0","@types/fs-extra":"^9.0.1","@types/fs-readdir-recursive":"^1.0.0","@types/function-bind":"^1.1.3","@types/gaze":"^1.1.0","@types/get-caller-file":"^1.0.0","@types/get-value":"^3.0.1","@types/getpass":"^0.1.0","@types/glob":"^7.1.3","@types/glob-parent":"^5.1.0","@types/global-modules":"^2.0.0","@types/global-prefix":"^3.0.0","@types/globule":"^1.1.3","@types/graceful-fs":"^4.1.3","@types/has":"^1.0.0","@types/has-ansi":"^3.0.0","@types/has-symbols":"^1.0.0","@types/he":"^1.1.1","@types/hex-color-regex":"^1.1.0","@types/hosted-git-info":"^3.0.0","@types/html-encoding-sniffer":"^2.0.1","@types/html-entities":"^1.2.16","@types/html-escaper":"^3.0.0","@types/html-minifier":"^4.0.0","@types/html-webpack-plugin":"^3.2.3","@types/htmlparser2":"^3.10.1","@types/http-assert":"^1.5.1","@types/http-errors":"^1.8.0","@types/http-proxy":"^1.17.4","@types/http-proxy-middleware":"^0.19.3","@types/icss-utils":"^4.1.0","@types/iferr":"^1.0.2","@types/ignore-walk":"^3.0.1","@types/imurmurhash":"^0.1.1","@types/inherits":"0.0.30","@types/ini":"^1.3.30","@types/inquirer":"^7.3.0","@types/interpret":"^1.1.1","@types/invariant":"^2.2.33","@types/ip":"^1.1.0","@types/is-buffer":"^2.0.0","@types/is-callable":"^1.1.0","@types/is-ci":"^2.0.0","@types/is-date-object":"^1.0.1","@types/is-finite":"^1.0.0","@types/is-generator-function":"^1.0.1","@types/is-glob":"^4.0.1","@types/is-number":"^7.0.0","@types/is-regex":"^1.0.0","@types/is-typedarray":"^1.0.0","@types/is-windows":"^1.0.0","@types/isarray":"^2.0.0","@types/isexe":"^2.0.0","@types/isstream":"^0.1.0","@types/istanbul-lib-coverage":"^2.0.3","@types/istanbul-lib-instrument":"^1.7.4","@types/istanbul-lib-report":"^3.0.0","@types/istanbul-lib-source-maps":"^4.0.1","@types/istanbul-reports":"^3.0.0","@types/jquery":"^3.5.1","@types/js-base64":"^3.0.0","@types/js-cookie":"^2.2.6","@types/js-levenshtein":"^1.1.0","@types/js-yaml":"^3.12.5","@types/jsbn":"^1.2.29","@types/jsdom":"^16.2.3","@types/jsesc":"^2.5.1","@types/json-parse-better-errors":"^1.0.0","@types/json-schema":"^7.0.5","@types/json-schema-traverse":"^0.4.0","@types/json-stable-stringify":"^1.0.32","@types/json-stringify-safe":"^5.0.0","@types/json3":"^3.3.2","@types/json5":"0.0.30","@types/jsonfile":"^6.0.0","@types/jsurl":"^1.2.29","@types/kind-of":"^6.0.0","@types/koa":"^2.11.3","@types/koa-bodyparser":"^4.3.0","@types/koa-compose":"^3.2.5","@types/koa-convert":"^1.2.3","@types/koa-router":"^7.4.1","@types/koa2-cors":"^2.0.1","@types/less":"^3.0.1","@types/loader-runner":"^2.2.3","@types/loader-utils":"^2.0.1","@types/lodash":"^4.14.159","@types/lodash.memoize":"^4.1.6","@types/lodash.sortby":"^4.7.6","@types/lodash.template":"^4.5.0","@types/lodash.uniq":"^4.5.6","@types/lru-cache":"^5.1.0","@types/media-typer":"^1.1.0","@types/memory-fs":"^0.3.2","@types/meow":"^5.0.0","@types/merge-descriptors":"^1.0.1","@types/merge-stream":"^1.1.2","@types/methods":"^1.1.1","@types/micromatch":"^4.0.1","@types/mime":"^2.0.3","@types/mime-db":"^1.43.0","@types/mime-types":"^2.1.0","@types/mini-css-extract-plugin":"^0.9.1","@types/minimalistic-assert":"^1.0.0","@types/minimatch":"^3.0.3","@types/minimist":"^1.2.0","@types/minipass":"^2.2.0","@types/mkdirp":"^1.0.1","@types/mockjs":"^1.0.2","@types/mongodb":"^3.5.25","@types/mongoose":"^5.7.29","@types/move-concurrently":"^1.0.2","@types/ms":"^0.7.31","@types/mute-stream":"0.0.0","@types/natural-compare":"^1.4.0","@types/needle":"^2.0.4","@types/negotiator":"^0.6.1","@types/nice-try":"^2.0.0","@types/node":"^14.0.14","@types/node-forge":"^0.9.5","@types/node-int64":"^0.4.29","@types/node-notifier":"^6.0.1","@types/node-sass":"^4.11.1","@types/nopt":"^3.0.29","@types/normalize-package-data":"^2.4.0","@types/normalize-path":"^3.0.0","@types/npm-packlist":"^1.1.1","@types/npmlog":"^4.1.2","@types/number-is-nan":"^1.0.0","@types/object-assign":"^4.0.30","@types/object-inspect":"^1.6.1","@types/object-keys":"^1.0.1","@types/object.getownpropertydescriptors":"^2.1.1","@types/object.pick":"^1.3.0","@types/on-finished":"^2.3.1","@types/on-headers":"^1.0.0","@types/once":"^1.4.0","@types/opener":"^1.4.0","@types/optimize-css-assets-webpack-plugin":"^5.0.1","@types/original":"^1.0.0","@types/os-homedir":"^1.0.0","@types/os-tmpdir":"^1.0.0","@types/osenv":"^0.1.0","@types/pako":"^1.0.1","@types/parallel-transform":"^1.1.0","@types/parse-json":"^4.0.0","@types/parse-passwd":"^1.0.0","@types/parse5":"^5.0.3","@types/parseurl":"^1.3.1","@types/pascalcase":"^1.0.0","@types/path-is-absolute":"^1.0.0","@types/path-is-inside":"^1.0.0","@types/path-parse":"^1.0.19","@types/pbkdf2":"^3.1.0","@types/picomatch":"^2.2.1","@types/pify":"^3.0.2","@types/postcss-calc":"^7.0.0","@types/postcss-load-config":"^2.0.1","@types/postcss-modules-extract-imports":"^2.0.0","@types/postcss-modules-local-by-default":"^1.2.0","@types/postcss-modules-scope":"^1.1.0","@types/postcss-modules-values":"^3.0.0","@types/prelude-ls":"^1.1.29","@types/progress":"^2.0.3","@types/promise-inflight":"^1.0.0","@types/promise-polyfill":"^6.0.3","@types/prompts":"^2.0.8","@types/proxy-addr":"^2.0.0","@types/psl":"^1.1.0","@types/pump":"^1.1.0","@types/pumpify":"^1.4.1","@types/punycode":"^2.1.0","@types/q":"^1.5.4","@types/qs":"^6.9.4","@types/querystringify":"^2.0.0","@types/randombytes":"^2.0.0","@types/range-parser":"^1.2.3","@types/rc":"^1.1.0","@types/react-is":"^16.7.1","@types/readable-stream":"^2.3.9","@types/regenerator-runtime":"^0.13.0","@types/relateurl":"^0.2.28","@types/repeat-element":"^1.1.0","@types/repeat-string":"^1.6.0","@types/repeating":"^3.0.0","@types/request":"^2.48.5","@types/request-promise-native":"^1.0.17","@types/require-directory":"^2.1.1","@types/requires-port":"^1.0.0","@types/resolve":"^1.17.1","@types/retry":"^0.12.0","@types/rimraf":"^3.0.0","@types/ripemd160":"^2.0.0","@types/rsvp":"^4.0.3","@types/safe-regex":"^1.1.2","@types/safer-buffer":"^2.1.0","@types/sane":"^2.0.0","@types/sass-graph":"^2.1.2","@types/sass-loader":"^8.0.0","@types/sax":"^1.2.1","@types/semver":"^7.3.2","@types/send":"^0.14.5","@types/serialize-javascript":"^4.0.0","@types/serve-index":"^1.7.30","@types/serve-static":"^1.13.5","@types/set-value":"^2.0.0","@types/setimmediate":"^1.0.1","@types/sha.js":"^2.4.0","@types/shebang-command":"^1.2.0","@types/signal-exit":"^3.0.0","@types/slice-ansi":"^4.0.0","@types/sockjs":"^0.3.32","@types/sockjs-client":"^1.1.1","@types/source-list-map":"^0.1.2","@types/source-map-support":"^0.5.2","@types/spdx-correct":"^2.0.0","@types/spdy":"^3.4.4","@types/sprintf":"^0.1.0","@types/sprintf-js":"^1.1.2","@types/sshpk":"^1.10.5","@types/ssri":"^7.1.0","@types/stack-utils":"^1.0.1","@types/statuses":"^2.0.0","@types/stdout-stream":"^1.4.0","@types/stream-each":"^1.2.0","@types/stream-shift":"^1.0.0","@types/strict-uri-encode":"^2.0.0","@types/stringify-object":"^3.3.0","@types/strip-comments":"^2.0.0","@types/supports-color":"^5.3.0","@types/svgo":"^1.3.3","@types/symbol-tree":"^3.2.1","@types/table":"^5.0.0","@types/tapable":"^1.0.6","@types/tar":"^4.0.3","@types/terser-webpack-plugin":"^4.1.0","@types/text-table":"^0.2.1","@types/through":"0.0.30","@types/through2":"^2.0.36","@types/timsort":"^0.3.0","@types/tmp":"^0.2.0","@types/toposort":"^2.0.3","@types/tough-cookie":"^4.0.0","@types/tryer":"^1.0.1","@types/type-check":"^0.3.27","@types/type-detect":"^4.0.1","@types/type-is":"^1.6.3","@types/uglify-js":"^3.9.3","@types/uniq":"0.0.27","@types/universalify":"^1.0.0","@types/urix":"^0.1.0","@types/url-parse":"^1.4.3","@types/util-deprecate":"^1.0.0","@types/util.promisify":"^1.0.4","@types/utils-merge":"0.0.28","@types/uuid":"^8.3.0","@types/v8flags":"^3.1.1","@types/validate-npm-package-license":"^3.0.0","@types/vary":"^1.1.0","@types/verror":"^1.10.4","@types/w3c-xmlserializer":"^2.0.1","@types/watchpack":"^1.1.5","@types/webidl-conversions":"^6.1.0","@types/webpack":"^4.41.21","@types/webpack-bundle-analyzer":"^3.8.0","@types/webpack-dev-middleware":"^3.7.1","@types/webpack-dev-server":"^3.11.0","@types/webpack-merge":"^4.1.5","@types/webpack-sources":"^1.4.2","@types/whatwg-encoding":"^1.0.0","@types/whatwg-mimetype":"^2.1.0","@types/whatwg-url":"^8.0.0","@types/which":"^1.3.2","@types/workbox-background-sync":"^4.3.1","@types/workbox-broadcast-update":"^4.3.0","@types/workbox-build":"^5.0.0","@types/workbox-cacheable-response":"^4.3.0","@types/workbox-core":"^4.3.0","@types/workbox-expiration":"^4.3.0","@types/workbox-google-analytics":"^4.3.0","@types/workbox-navigation-preload":"^4.3.0","@types/workbox-precaching":"^4.3.0","@types/workbox-range-requests":"^4.3.0","@types/workbox-routing":"^4.3.0","@types/workbox-strategies":"^4.3.0","@types/workbox-streams":"^4.3.0","@types/workbox-sw":"^4.3.1","@types/workbox-webpack-plugin":"^5.1.4","@types/workbox-window":"^4.3.3","@types/wrap-ansi":"^3.0.0","@types/write":"^2.0.0","@types/write-file-atomic":"^3.0.1","@types/ws":"^7.2.6","@types/xtend":"^4.0.3","@types/y18n":"^4.0.0","@types/yallist":"^3.0.1","@types/yargs":"^15.0.5","@types/yargs-parser":"^15.0.0"}}
[20:56:16.580] Loaded content of '/Users/simon/Library/Caches/typescript/3.6/package-lock.json'
[20:56:16.611] Adding entry into typings cache: 'abbrev' => '/Users/simon/Library/Caches/typescript/3.6/node_modules/@types/abbrev/index.d.ts'
[20:56:16.618] Adding entry into typings cache: 'accepts' => '/Users/simon/Library/Caches/typescript/3.6/node_modules/@types/accepts/index.d.ts'
[20:56:16.630] Adding entry into typings cache: 'acorn' => '/Users/simon/Library/Caches/typescript/3.6/node_modules/@types/acorn/index.d.ts'
[20:56:16.638] Adding entry into typings cache: 'ajv-errors' => '/Users/simon/Library/Caches/typescript/3.6/node_modules/@types/ajv-errors/index.d.ts'
[20:56:16.649] Adding entry into typings cache: 'ajv-keywords' => '/Users/simon/Library/Caches/typescript/3.6/node_modules/@types/ajv-keywords/index.d.ts'
[20:56:16.667] Adding entry into typings cache: 'ansi-styles' => '/Users/simon/Library/Caches/typescript/3.6/node_modules/@types/ansi-styles/index.d.ts'
[20:56:16.680] Adding entry into typings cache: 'anymatch' => '/Users/simon/Library/Caches/typescript/3.6/node_modules/@types/anymatch/index.d.ts'
[20:56:16.685] Adding entry into typings cache: 'are-we-there-yet' => '/Users/simon/Library/Caches/typescript/3.6/node_modules/@types/are-we-there-yet/index.d.ts'
[20:56:16.689] Adding entry into typings cache: 'argparse' => '/Users/simon/Library/Caches/typescript/3.6/node_modules/@types/argparse/index.d.ts'
[20:56:16.702] Adding entry into typings cache: 'arr-diff' => '/Users/simon/Library/Caches/typescript/3.6/node_modules/@types/arr-diff/index.d.ts'
[20:56:16.712] Adding entry into typings cache: 'arr-union' => '/Users/simon/Library/Caches/typescript/3.6/node_modules/@types/arr-union/index.d.ts'
[20:56:16.718] Adding entry into typings cache: 'array-find-index' => '/Users/simon/Library/Caches/typescript/3.6/node_modules/@types/array-find-index/index.d.ts'
[20:56:16.727] Adding entry into typings cache: 'array-unique' => '/Users/simon/Library/Caches/typescript/3.6/node_modules/@types/array-unique/index.d.ts'
[20:56:16.730] Adding entry into typings cache: 'asap' => '/Users/simon/Library/Caches/typescript/3.6/node_modules/@types/asap/index.d.ts'
[20:56:16.737] Adding entry into typings cache: 'asn1' => '/Users/simon/Library/Caches/typescript/3.6/node_modules/@types/asn1/index.d.ts'
[20:56:16.744] Adding entry into typings cache: 'assert' => '/Users/simon/Library/Caches/typescript/3.6/node_modules/@types/assert/index.d.ts'
[20:56:16.747] Adding entry into typings cache: 'assert-plus' => '/Users/simon/Library/Caches/typescript/3.6/node_modules/@types/assert-plus/index.d.ts'
[20:56:16.749] Adding entry into typings cache: 'async' => '/Users/simon/Library/Caches/typescript/3.6/node_modules/@types/async/index.d.ts'
[20:56:16.757] Adding entry into typings cache: 'atob' => '/Users/simon/Library/Caches/typescript/3.6/node_modules/@types/atob/index.d.ts'
[20:56:16.759] Adding entry into typings cache: 'aws4' => '/Users/simon/Library/Caches/typescript/3.6/node_modules/@types/aws4/index.d.ts'
[20:56:16.762] Adding entry into typings cache: 'babel-code-frame' => '/Users/simon/Library/Caches/typescript/3.6/node_modules/@types/babel-code-frame/index.d.ts'
[20:56:16.767] Adding entry into typings cache: 'babel-template' => '/Users/simon/Library/Caches/typescript/3.6/node_modules/@types/babel-template/index.d.ts'
[20:56:16.772] Adding entry into typings cache: 'babel-traverse' => '/Users/simon/Library/Caches/typescript/3.6/node_modules/@types/babel-traverse/index.d.ts'
[20:56:16.777] Adding entry into typings cache: 'babel-types' => '/Users/simon/Library/Caches/typescript/3.6/node_modules/@types/babel-types/index.d.ts'
[20:56:16.780] Adding entry into typings cache: 'babel__core' => '/Users/simon/Library/Caches/typescript/3.6/node_modules/@types/babel__core/index.d.ts'
[20:56:16.784] Adding entry into typings cache: 'babel__plugin-transform-runtime' => '/Users/simon/Library/Caches/typescript/3.6/node_modules/@types/babel__plugin-transform-runtime/index.d.ts'
[20:56:16.788] Adding entry into typings cache: 'babel__preset-env' => '/Users/simon/Library/Caches/typescript/3.6/node_modules/@types/babel__preset-env/index.d.ts'
[20:56:16.795] Adding entry into typings cache: 'babylon' => '/Users/simon/Library/Caches/typescript/3.6/node_modules/@types/babylon/index.d.ts'
[20:56:16.800] Adding entry into typings cache: 'balanced-match' => '/Users/simon/Library/Caches/typescript/3.6/node_modules/@types/balanced-match/index.d.ts'
[20:56:16.803] Adding entry into typings cache: 'base64-js' => '/Users/simon/Library/Caches/typescript/3.6/node_modules/@types/base64-js/index.d.ts'
[20:56:16.807] Adding entry into typings cache: 'big.js' => '/Users/simon/Library/Caches/typescript/3.6/node_modules/@types/big.js/index.d.ts'
[20:56:16.818] Adding entry into typings cache: 'bindings' => '/Users/simon/Library/Caches/typescript/3.6/node_modules/@types/bindings/index.d.ts'
[20:56:16.822] Adding entry into typings cache: 'bluebird' => '/Users/simon/Library/Caches/typescript/3.6/node_modules/@types/bluebird/index.d.ts'
[20:56:16.828] Adding entry into typings cache: 'bn.js' => '/Users/simon/Library/Caches/typescript/3.6/node_modules/@types/bn.js/index.d.ts'
[20:56:16.834] Adding entry into typings cache: 'body-parser' => '/Users/simon/Library/Caches/typescript/3.6/node_modules/@types/body-parser/index.d.ts'
[20:56:16.839] Adding entry into typings cache: 'bonjour' => '/Users/simon/Library/Caches/typescript/3.6/node_modules/@types/bonjour/index.d.ts'
[20:56:16.844] Adding entry into typings cache: 'brace-expansion' => '/Users/simon/Library/Caches/typescript/3.6/node_modules/@types/brace-expansion/index.d.ts'
[20:56:16.856] Adding entry into typings cache: 'braces' => '/Users/simon/Library/Caches/typescript/3.6/node_modules/@types/braces/index.d.ts'
[20:56:16.860] Adding entry into typings cache: 'brorand' => '/Users/simon/Library/Caches/typescript/3.6/node_modules/@types/brorand/index.d.ts'
[20:56:16.864] Adding entry into typings cache: 'browserslist' => '/Users/simon/Library/Caches/typescript/3.6/node_modules/@types/browserslist/index.d.ts'
[20:56:16.871] Adding entry into typings cache: 'bser' => '/Users/simon/Library/Caches/typescript/3.6/node_modules/@types/bser/index.d.ts'
[20:56:16.881] Adding entry into typings cache: 'buffer-from' => '/Users/simon/Library/Caches/typescript/3.6/node_modules/@types/buffer-from/index.d.ts'
[20:56:16.884] Adding entry into typings cache: 'buffer-xor' => '/Users/simon/Library/Caches/typescript/3.6/node_modules/@types/buffer-xor/index.d.ts'
[20:56:16.887] Adding entry into typings cache: 'bytes' => '/Users/simon/Library/Caches/typescript/3.6/node_modules/@types/bytes/index.d.ts'
[20:56:16.894] Adding entry into typings cache: 'cacache' => '/Users/simon/Library/Caches/typescript/3.6/node_modules/@types/cacache/index.d.ts'
[20:56:16.899] Adding entry into typings cache: 'caniuse-api' => '/Users/simon/Library/Caches/typescript/3.6/node_modules/@types/caniuse-api/index.d.ts'
[20:56:16.906] Adding entry into typings cache: 'caniuse-lite' => '/Users/simon/Library/Caches/typescript/3.6/node_modules/@types/caniuse-lite/index.d.ts'
[20:56:16.910] Adding entry into typings cache: 'caseless' => '/Users/simon/Library/Caches/typescript/3.6/node_modules/@types/caseless/index.d.ts'
[20:56:16.914] Adding entry into typings cache: 'chardet' => '/Users/simon/Library/Caches/typescript/3.6/node_modules/@types/chardet/index.d.ts'
[20:56:16.917] Adding entry into typings cache: 'check-types' => '/Users/simon/Library/Caches/typescript/3.6/node_modules/@types/check-types/index.d.ts'
[20:56:16.921] Adding entry into typings cache: 'chownr' => '/Users/simon/Library/Caches/typescript/3.6/node_modules/@types/chownr/index.d.ts'
[20:56:16.925] Adding entry into typings cache: 'ci-info' => '/Users/simon/Library/Caches/typescript/3.6/node_modules/@types/ci-info/index.d.ts'
[20:56:16.933] Adding entry into typings cache: 'cipher-base' => '/Users/simon/Library/Caches/typescript/3.6/node_modules/@types/cipher-base/index.d.ts'
[20:56:16.938] Adding entry into typings cache: 'classnames' => '/Users/simon/Library/Caches/typescript/3.6/node_modules/@types/classnames/index.d.ts'
[20:56:16.942] Adding entry into typings cache: 'clean-css' => '/Users/simon/Library/Caches/typescript/3.6/node_modules/@types/clean-css/index.d.ts'
[20:56:16.946] Adding entry into typings cache: 'clone' => '/Users/simon/Library/Caches/typescript/3.6/node_modules/@types/clone/index.d.ts'
[20:56:16.952] Adding entry into typings cache: 'clone-deep' => '/Users/simon/Library/Caches/typescript/3.6/node_modules/@types/clone-deep/index.d.ts'
[20:56:16.960] Adding entry into typings cache: 'co' => '/Users/simon/Library/Caches/typescript/3.6/node_modules/@types/co/index.d.ts'
[20:56:16.966] Adding entry into typings cache: 'co-body' => '/Users/simon/Library/Caches/typescript/3.6/node_modules/@types/co-body/index.d.ts'
[20:56:16.972] Adding entry into typings cache: 'color' => '/Users/simon/Library/Caches/typescript/3.6/node_modules/@types/color/index.d.ts'
[20:56:16.978] Adding entry into typings cache: 'color-convert' => '/Users/simon/Library/Caches/typescript/3.6/node_modules/@types/color-convert/index.d.ts'
[20:56:16.984] Adding entry into typings cache: 'color-name' => '/Users/simon/Library/Caches/typescript/3.6/node_modules/@types/color-name/index.d.ts'
[20:56:16.986] Adding entry into typings cache: 'color-string' => '/Users/simon/Library/Caches/typescript/3.6/node_modules/@types/color-string/index.d.ts'
[20:56:16.999] Adding entry into typings cache: 'combined-stream' => '/Users/simon/Library/Caches/typescript/3.6/node_modules/@types/combined-stream/index.d.ts'
[20:56:17.5] Adding entry into typings cache: 'common-tags' => '/Users/simon/Library/Caches/typescript/3.6/node_modules/@types/common-tags/index.d.ts'
[20:56:17.9] Adding entry into typings cache: 'commondir' => '/Users/simon/Library/Caches/typescript/3.6/node_modules/@types/commondir/index.d.ts'
[20:56:17.16] Adding entry into typings cache: 'component-emitter' => '/Users/simon/Library/Caches/typescript/3.6/node_modules/@types/component-emitter/index.d.ts'
[20:56:17.20] Adding entry into typings cache: 'compressible' => '/Users/simon/Library/Caches/typescript/3.6/node_modules/@types/compressible/index.d.ts'
[20:56:17.24] Adding entry into typings cache: 'compression' => '/Users/simon/Library/Caches/typescript/3.6/node_modules/@types/compression/index.d.ts'
[20:56:17.28] Adding entry into typings cache: 'compression-webpack-plugin' => '/Users/simon/Library/Caches/typescript/3.6/node_modules/@types/compression-webpack-plugin/index.d.ts'
[20:56:17.33] Adding entry into typings cache: 'concat-map' => '/Users/simon/Library/Caches/typescript/3.6/node_modules/@types/concat-map/index.d.ts'
[20:56:17.38] Adding entry into typings cache: 'concat-stream' => '/Users/simon/Library/Caches/typescript/3.6/node_modules/@types/concat-stream/index.d.ts'
[20:56:17.42] Adding entry into typings cache: 'connect-history-api-fallback' => '/Users/simon/Library/Caches/typescript/3.6/node_modules/@types/connect-history-api-fallback/index.d.ts'
[20:56:17.45] Adding entry into typings cache: 'content-disposition' => '/Users/simon/Library/Caches/typescript/3.6/node_modules/@types/content-disposition/index.d.ts'
[20:56:17.49] Adding entry into typings cache: 'content-type' => '/Users/simon/Library/Caches/typescript/3.6/node_modules/@types/content-type/index.d.ts'
[20:56:17.53] Adding entry into typings cache: 'convert-source-map' => '/Users/simon/Library/Caches/typescript/3.6/node_modules/@types/convert-source-map/index.d.ts'
[20:56:17.57] Adding entry into typings cache: 'cookie' => '/Users/simon/Library/Caches/typescript/3.6/node_modules/@types/cookie/index.d.ts'
[20:56:17.64] Adding entry into typings cache: 'cookie-signature' => '/Users/simon/Library/Caches/typescript/3.6/node_modules/@types/cookie-signature/index.d.ts'
[20:56:17.71] Adding entry into typings cache: 'cookies' => '/Users/simon/Library/Caches/typescript/3.6/node_modules/@types/cookies/index.d.ts'
[20:56:17.75] Adding entry into typings cache: 'copy-webpack-plugin' => '/Users/simon/Library/Caches/typescript/3.6/node_modules/@types/copy-webpack-plugin/index.d.ts'
[20:56:17.79] Adding entry into typings cache: 'core-js' => '/Users/simon/Library/Caches/typescript/3.6/node_modules/@types/core-js/index.d.ts'
[20:56:17.83] Adding entry into typings cache: 'create-hash' => '/Users/simon/Library/Caches/typescript/3.6/node_modules/@types/create-hash/index.d.ts'
[20:56:17.88] Adding entry into typings cache: 'create-hmac' => '/Users/simon/Library/Caches/typescript/3.6/node_modules/@types/create-hmac/index.d.ts'
[20:56:17.90] Adding entry into typings cache: 'cross-spawn' => '/Users/simon/Library/Caches/typescript/3.6/node_modules/@types/cross-spawn/index.d.ts'
[20:56:17.95] Adding entry into typings cache: 'css-declaration-sorter' => '/Users/simon/Library/Caches/typescript/3.6/node_modules/@types/css-declaration-sorter/index.d.ts'
[20:56:17.97] Adding entry into typings cache: 'css-tree' => '/Users/simon/Library/Caches/typescript/3.6/node_modules/@types/css-tree/index.d.ts'
[20:56:17.102] Adding entry into typings cache: 'cssesc' => '/Users/simon/Library/Caches/typescript/3.6/node_modules/@types/cssesc/index.d.ts'
[20:56:17.106] Adding entry into typings cache: 'cssnano' => '/Users/simon/Library/Caches/typescript/3.6/node_modules/@types/cssnano/index.d.ts'
[20:56:17.115] Adding entry into typings cache: 'csso' => '/Users/simon/Library/Caches/typescript/3.6/node_modules/@types/csso/index.d.ts'
[20:56:17.119] Adding entry into typings cache: 'cssom' => '/Users/simon/Library/Caches/typescript/3.6/node_modules/@types/cssom/index.d.ts'
[20:56:17.122] Adding entry into typings cache: 'cssstyle' => '/Users/simon/Library/Caches/typescript/3.6/node_modules/@types/cssstyle/index.d.ts'
[20:56:17.133] Adding entry into typings cache: 'debug' => '/Users/simon/Library/Caches/typescript/3.6/node_modules/@types/debug/index.d.ts'
[20:56:17.144] Adding entry into typings cache: 'decode-uri-component' => '/Users/simon/Library/Caches/typescript/3.6/node_modules/@types/decode-uri-component/index.d.ts'
[20:56:17.148] Adding entry into typings cache: 'deep-equal' => '/Users/simon/Library/Caches/typescript/3.6/node_modules/@types/deep-equal/index.d.ts'
[20:56:17.151] Adding entry into typings cache: 'deep-extend' => '/Users/simon/Library/Caches/typescript/3.6/node_modules/@types/deep-extend/index.d.ts'
[20:56:17.153] Adding entry into typings cache: 'default-gateway' => '/Users/simon/Library/Caches/typescript/3.6/node_modules/@types/default-gateway/index.d.ts'
[20:56:17.157] Adding entry into typings cache: 'define-properties' => '/Users/simon/Library/Caches/typescript/3.6/node_modules/@types/define-properties/index.d.ts'
[20:56:17.162] Adding entry into typings cache: 'defined' => '/Users/simon/Library/Caches/typescript/3.6/node_modules/@types/defined/index.d.ts'
[20:56:17.165] Adding entry into typings cache: 'depd' => '/Users/simon/Library/Caches/typescript/3.6/node_modules/@types/depd/index.d.ts'
[20:56:17.170] Adding entry into typings cache: 'destroy' => '/Users/simon/Library/Caches/typescript/3.6/node_modules/@types/destroy/index.d.ts'
[20:56:17.172] Adding entry into typings cache: 'detect-node' => '/Users/simon/Library/Caches/typescript/3.6/node_modules/@types/detect-node/index.d.ts'
[20:56:17.176] Adding entry into typings cache: 'detective' => '/Users/simon/Library/Caches/typescript/3.6/node_modules/@types/detective/index.d.ts'
[20:56:17.183] Adding entry into typings cache: 'diffie-hellman' => '/Users/simon/Library/Caches/typescript/3.6/node_modules/@types/diffie-hellman/index.d.ts'
[20:56:17.188] Adding entry into typings cache: 'dir-glob' => '/Users/simon/Library/Caches/typescript/3.6/node_modules/@types/dir-glob/index.d.ts'
[20:56:17.191] Adding entry into typings cache: 'doctrine' => '/Users/simon/Library/Caches/typescript/3.6/node_modules/@types/doctrine/index.d.ts'
[20:56:17.195] Adding entry into typings cache: 'domexception' => '/Users/simon/Library/Caches/typescript/3.6/node_modules/@types/domexception/index.d.ts'
[20:56:17.199] Adding entry into typings cache: 'domhandler' => '/Users/simon/Library/Caches/typescript/3.6/node_modules/@types/domhandler/index.d.ts'
[20:56:17.206] Adding entry into typings cache: 'domutils' => '/Users/simon/Library/Caches/typescript/3.6/node_modules/@types/domutils/index.d.ts'
[20:56:17.210] Adding entry into typings cache: 'duplexify' => '/Users/simon/Library/Caches/typescript/3.6/node_modules/@types/duplexify/index.d.ts'
[20:56:17.214] Adding entry into typings cache: 'ee-first' => '/Users/simon/Library/Caches/typescript/3.6/node_modules/@types/ee-first/index.d.ts'
[20:56:17.218] Adding entry into typings cache: 'ejs' => '/Users/simon/Library/Caches/typescript/3.6/node_modules/@types/ejs/index.d.ts'
[20:56:17.221] Adding entry into typings cache: 'elliptic' => '/Users/simon/Library/Caches/typescript/3.6/node_modules/@types/elliptic/index.d.ts'
[20:56:17.225] Adding entry into typings cache: 'encodeurl' => '/Users/simon/Library/Caches/typescript/3.6/node_modules/@types/encodeurl/index.d.ts'
[20:56:17.228] Adding entry into typings cache: 'end-of-stream' => '/Users/simon/Library/Caches/typescript/3.6/node_modules/@types/end-of-stream/index.d.ts'
[20:56:17.232] Adding entry into typings cache: 'enhanced-resolve' => '/Users/simon/Library/Caches/typescript/3.6/node_modules/@types/enhanced-resolve/index.d.ts'
[20:56:17.239] Adding entry into typings cache: 'entities' => '/Users/simon/Library/Caches/typescript/3.6/node_modules/@types/entities/index.d.ts'
[20:56:17.244] Adding entry into typings cache: 'es-abstract' => '/Users/simon/Library/Caches/typescript/3.6/node_modules/@types/es-abstract/index.d.ts'
[20:56:17.249] Adding entry into typings cache: 'es-to-primitive' => '/Users/simon/Library/Caches/typescript/3.6/node_modules/@types/es-to-primitive/ts3.2/index.d.ts'
[20:56:17.251] Adding entry into typings cache: 'es6-shim' => '/Users/simon/Library/Caches/typescript/3.6/node_modules/@types/es6-shim/ts3.1/index.d.ts'
[20:56:17.255] Adding entry into typings cache: 'escape-html' => '/Users/simon/Library/Caches/typescript/3.6/node_modules/@types/escape-html/index.d.ts'
[20:56:17.259] Adding entry into typings cache: 'escodegen' => '/Users/simon/Library/Caches/typescript/3.6/node_modules/@types/escodegen/index.d.ts'
[20:56:17.263] Adding entry into typings cache: 'eslint' => '/Users/simon/Library/Caches/typescript/3.6/node_modules/@types/eslint/ts3.1/index.d.ts'
[20:56:17.267] Adding entry into typings cache: 'eslint-scope' => '/Users/simon/Library/Caches/typescript/3.6/node_modules/@types/eslint-scope/index.d.ts'
[20:56:17.269] Adding entry into typings cache: 'eslint-visitor-keys' => '/Users/simon/Library/Caches/typescript/3.6/node_modules/@types/eslint-visitor-keys/index.d.ts'
[20:56:17.271] Adding entry into typings cache: 'esprima' => '/Users/simon/Library/Caches/typescript/3.6/node_modules/@types/esprima/index.d.ts'
[20:56:17.275] Adding entry into typings cache: 'esquery' => '/Users/simon/Library/Caches/typescript/3.6/node_modules/@types/esquery/index.d.ts'
[20:56:17.278] Adding entry into typings cache: 'estraverse' => '/Users/simon/Library/Caches/typescript/3.6/node_modules/@types/estraverse/index.d.ts'
[20:56:17.281] Adding entry into typings cache: 'etag' => '/Users/simon/Library/Caches/typescript/3.6/node_modules/@types/etag/index.d.ts'
[20:56:17.286] Adding entry into typings cache: 'events' => '/Users/simon/Library/Caches/typescript/3.6/node_modules/@types/events/index.d.ts'
[20:56:17.290] Adding entry into typings cache: 'eventsource' => '/Users/simon/Library/Caches/typescript/3.6/node_modules/@types/eventsource/index.d.ts'
[20:56:17.293] Adding entry into typings cache: 'exit' => '/Users/simon/Library/Caches/typescript/3.6/node_modules/@types/exit/index.d.ts'
[20:56:17.298] Adding entry into typings cache: 'expand-tilde' => '/Users/simon/Library/Caches/typescript/3.6/node_modules/@types/expand-tilde/index.d.ts'
[20:56:17.301] Adding entry into typings cache: 'express' => '/Users/simon/Library/Caches/typescript/3.6/node_modules/@types/express/index.d.ts'
[20:56:17.306] Adding entry into typings cache: 'extend' => '/Users/simon/Library/Caches/typescript/3.6/node_modules/@types/extend/index.d.ts'
[20:56:17.308] Adding entry into typings cache: 'extsprintf' => '/Users/simon/Library/Caches/typescript/3.6/node_modules/@types/extsprintf/index.d.ts'
[20:56:17.310] Adding entry into typings cache: 'fast-json-stable-stringify' => '/Users/simon/Library/Caches/typescript/3.6/node_modules/fast-json-stable-stringify/index.d.ts'
[20:56:17.314] Adding entry into typings cache: 'fast-levenshtein' => '/Users/simon/Library/Caches/typescript/3.6/node_modules/@types/fast-levenshtein/index.d.ts'
[20:56:17.317] Adding entry into typings cache: 'fb-watchman' => '/Users/simon/Library/Caches/typescript/3.6/node_modules/@types/fb-watchman/index.d.ts'
[20:56:17.321] Adding entry into typings cache: 'file-entry-cache' => '/Users/simon/Library/Caches/typescript/3.6/node_modules/@types/file-entry-cache/index.d.ts'
[20:56:17.328] Adding entry into typings cache: 'file-loader' => '/Users/simon/Library/Caches/typescript/3.6/node_modules/@types/file-loader/index.d.ts'
[20:56:17.333] Adding entry into typings cache: 'finalhandler' => '/Users/simon/Library/Caches/typescript/3.6/node_modules/@types/finalhandler/index.d.ts'
[20:56:17.336] Adding entry into typings cache: 'find-cache-dir' => '/Users/simon/Library/Caches/typescript/3.6/node_modules/@types/find-cache-dir/index.d.ts'
[20:56:17.343] Adding entry into typings cache: 'findup-sync' => '/Users/simon/Library/Caches/typescript/3.6/node_modules/@types/findup-sync/index.d.ts'
[20:56:17.351] Adding entry into typings cache: 'flat-cache' => '/Users/simon/Library/Caches/typescript/3.6/node_modules/@types/flat-cache/index.d.ts'
[20:56:17.355] Adding entry into typings cache: 'flush-write-stream' => '/Users/simon/Library/Caches/typescript/3.6/node_modules/@types/flush-write-stream/index.d.ts'
[20:56:17.359] Adding entry into typings cache: 'follow-redirects' => '/Users/simon/Library/Caches/typescript/3.6/node_modules/@types/follow-redirects/index.d.ts'
[20:56:17.362] Adding entry into typings cache: 'forever-agent' => '/Users/simon/Library/Caches/typescript/3.6/node_modules/@types/forever-agent/index.d.ts'
[20:56:17.366] Adding entry into typings cache: 'forwarded' => '/Users/simon/Library/Caches/typescript/3.6/node_modules/@types/forwarded/index.d.ts'
[20:56:17.370] Adding entry into typings cache: 'fresh' => '/Users/simon/Library/Caches/typescript/3.6/node_modules/@types/fresh/index.d.ts'
[20:56:17.374] Adding entry into typings cache: 'from2' => '/Users/simon/Library/Caches/typescript/3.6/node_modules/@types/from2/index.d.ts'
[20:56:17.378] Adding entry into typings cache: 'fs-extra' => '/Users/simon/Library/Caches/typescript/3.6/node_modules/@types/fs-extra/index.d.ts'
[20:56:17.381] Adding entry into typings cache: 'fs-readdir-recursive' => '/Users/simon/Library/Caches/typescript/3.6/node_modules/@types/fs-readdir-recursive/index.d.ts'
[20:56:17.384] Adding entry into typings cache: 'function-bind' => '/Users/simon/Library/Caches/typescript/3.6/node_modules/@types/function-bind/ts3.3/index.d.ts'
[20:56:17.386] Adding entry into typings cache: 'gaze' => '/Users/simon/Library/Caches/typescript/3.6/node_modules/@types/gaze/index.d.ts'
[20:56:17.390] Adding entry into typings cache: 'get-caller-file' => '/Users/simon/Library/Caches/typescript/3.6/node_modules/@types/get-caller-file/index.d.ts'
[20:56:17.400] Adding entry into typings cache: 'get-value' => '/Users/simon/Library/Caches/typescript/3.6/node_modules/@types/get-value/index.d.ts'
[20:56:17.404] Adding entry into typings cache: 'getpass' => '/Users/simon/Library/Caches/typescript/3.6/node_modules/@types/getpass/index.d.ts'
[20:56:17.408] Adding entry into typings cache: 'glob' => '/Users/simon/Library/Caches/typescript/3.6/node_modules/@types/glob/index.d.ts'
[20:56:17.423] Adding entry into typings cache: 'glob-parent' => '/Users/simon/Library/Caches/typescript/3.6/node_modules/@types/glob-parent/index.d.ts'
[20:56:17.431] Adding entry into typings cache: 'global-modules' => '/Users/simon/Library/Caches/typescript/3.6/node_modules/@types/global-modules/index.d.ts'
[20:56:17.436] Adding entry into typings cache: 'global-prefix' => '/Users/simon/Library/Caches/typescript/3.6/node_modules/@types/global-prefix/index.d.ts'
[20:56:17.439] Adding entry into typings cache: 'globule' => '/Users/simon/Library/Caches/typescript/3.6/node_modules/@types/globule/index.d.ts'
[20:56:17.452] Adding entry into typings cache: 'graceful-fs' => '/Users/simon/Library/Caches/typescript/3.6/node_modules/@types/graceful-fs/index.d.ts'
[20:56:17.454] Adding entry into typings cache: 'has' => '/Users/simon/Library/Caches/typescript/3.6/node_modules/@types/has/index.d.ts'
[20:56:17.458] Adding entry into typings cache: 'has-ansi' => '/Users/simon/Library/Caches/typescript/3.6/node_modules/@types/has-ansi/index.d.ts'
[20:56:17.460] Adding entry into typings cache: 'has-symbols' => '/Users/simon/Library/Caches/typescript/3.6/node_modules/@types/has-symbols/index.d.ts'
[20:56:17.466] Adding entry into typings cache: 'he' => '/Users/simon/Library/Caches/typescript/3.6/node_modules/@types/he/index.d.ts'
[20:56:17.470] Adding entry into typings cache: 'hex-color-regex' => '/Users/simon/Library/Caches/typescript/3.6/node_modules/@types/hex-color-regex/index.d.ts'
[20:56:17.473] Adding entry into typings cache: 'hosted-git-info' => '/Users/simon/Library/Caches/typescript/3.6/node_modules/@types/hosted-git-info/index.d.ts'
[20:56:17.477] Adding entry into typings cache: 'html-encoding-sniffer' => '/Users/simon/Library/Caches/typescript/3.6/node_modules/@types/html-encoding-sniffer/index.d.ts'
[20:56:17.480] Adding entry into typings cache: 'html-entities' => '/Users/simon/Library/Caches/typescript/3.6/node_modules/@types/html-entities/index.d.ts'
[20:56:17.484] Adding entry into typings cache: 'html-escaper' => '/Users/simon/Library/Caches/typescript/3.6/node_modules/@types/html-escaper/index.d.ts'
[20:56:17.489] Adding entry into typings cache: 'html-minifier' => '/Users/simon/Library/Caches/typescript/3.6/node_modules/@types/html-minifier/index.d.ts'
[20:56:17.493] Adding entry into typings cache: 'html-webpack-plugin' => '/Users/simon/Library/Caches/typescript/3.6/node_modules/@types/html-webpack-plugin/index.d.ts'
[20:56:17.502] Adding entry into typings cache: 'htmlparser2' => '/Users/simon/Library/Caches/typescript/3.6/node_modules/@types/htmlparser2/index.d.ts'
[20:56:17.509] Adding entry into typings cache: 'http-assert' => '/Users/simon/Library/Caches/typescript/3.6/node_modules/@types/http-assert/index.d.ts'
[20:56:17.512] Adding entry into typings cache: 'http-errors' => '/Users/simon/Library/Caches/typescript/3.6/node_modules/@types/http-errors/index.d.ts'
[20:56:17.516] Adding entry into typings cache: 'http-proxy' => '/Users/simon/Library/Caches/typescript/3.6/node_modules/@types/http-proxy/index.d.ts'
[20:56:17.521] Adding entry into typings cache: 'http-proxy-middleware' => '/Users/simon/Library/Caches/typescript/3.6/node_modules/@types/http-proxy-middleware/index.d.ts'
[20:56:17.525] Adding entry into typings cache: 'icss-utils' => '/Users/simon/Library/Caches/typescript/3.6/node_modules/@types/icss-utils/index.d.ts'
[20:56:17.529] Adding entry into typings cache: 'iferr' => '/Users/simon/Library/Caches/typescript/3.6/node_modules/@types/iferr/index.d.ts'
[20:56:17.536] Adding entry into typings cache: 'ignore-walk' => '/Users/simon/Library/Caches/typescript/3.6/node_modules/@types/ignore-walk/index.d.ts'
[20:56:17.541] Adding entry into typings cache: 'imurmurhash' => '/Users/simon/Library/Caches/typescript/3.6/node_modules/@types/imurmurhash/index.d.ts'
[20:56:17.547] Adding entry into typings cache: 'inherits' => '/Users/simon/Library/Caches/typescript/3.6/node_modules/@types/inherits/index.d.ts'
[20:56:17.551] Adding entry into typings cache: 'ini' => '/Users/simon/Library/Caches/typescript/3.6/node_modules/@types/ini/index.d.ts'
[20:56:17.554] Adding entry into typings cache: 'inquirer' => '/Users/simon/Library/Caches/typescript/3.6/node_modules/@types/inquirer/index.d.ts'
[20:56:17.557] Adding entry into typings cache: 'interpret' => '/Users/simon/Library/Caches/typescript/3.6/node_modules/@types/interpret/index.d.ts'
[20:56:17.562] Adding entry into typings cache: 'invariant' => '/Users/simon/Library/Caches/typescript/3.6/node_modules/@types/invariant/index.d.ts'
[20:56:17.564] Adding entry into typings cache: 'ip' => '/Users/simon/Library/Caches/typescript/3.6/node_modules/@types/ip/index.d.ts'
[20:56:17.571] Adding entry into typings cache: 'is-buffer' => '/Users/simon/Library/Caches/typescript/3.6/node_modules/@types/is-buffer/index.d.ts'
[20:56:17.574] Adding entry into typings cache: 'is-callable' => '/Users/simon/Library/Caches/typescript/3.6/node_modules/@types/is-callable/index.d.ts'
[20:56:17.577] Adding entry into typings cache: 'is-ci' => '/Users/simon/Library/Caches/typescript/3.6/node_modules/@types/is-ci/index.d.ts'
[20:56:17.584] Adding entry into typings cache: 'is-date-object' => '/Users/simon/Library/Caches/typescript/3.6/node_modules/@types/is-date-object/index.d.ts'
[20:56:17.586] Adding entry into typings cache: 'is-finite' => '/Users/simon/Library/Caches/typescript/3.6/node_modules/@types/is-finite/index.d.ts'
[20:56:17.590] Adding entry into typings cache: 'is-generator-function' => '/Users/simon/Library/Caches/typescript/3.6/node_modules/@types/is-generator-function/index.d.ts'
[20:56:17.605] Adding entry into typings cache: 'is-glob' => '/Users/simon/Library/Caches/typescript/3.6/node_modules/@types/is-glob/index.d.ts'
[20:56:17.617] Adding entry into typings cache: 'is-number' => '/Users/simon/Library/Caches/typescript/3.6/node_modules/@types/is-number/index.d.ts'
[20:56:17.620] Adding entry into typings cache: 'is-regex' => '/Users/simon/Library/Caches/typescript/3.6/node_modules/@types/is-regex/index.d.ts'
[20:56:17.624] Adding entry into typings cache: 'is-typedarray' => '/Users/simon/Library/Caches/typescript/3.6/node_modules/@types/is-typedarray/index.d.ts'
[20:56:17.635] Adding entry into typings cache: 'is-windows' => '/Users/simon/Library/Caches/typescript/3.6/node_modules/@types/is-windows/index.d.ts'
[20:56:17.642] Adding entry into typings cache: 'isarray' => '/Users/simon/Library/Caches/typescript/3.6/node_modules/@types/isarray/index.d.ts'
[20:56:17.649] Adding entry into typings cache: 'isexe' => '/Users/simon/Library/Caches/typescript/3.6/node_modules/@types/isexe/index.d.ts'
[20:56:17.656] Adding entry into typings cache: 'isstream' => '/Users/simon/Library/Caches/typescript/3.6/node_modules/@types/isstream/index.d.ts'
[20:56:17.661] Adding entry into typings cache: 'istanbul-lib-coverage' => '/Users/simon/Library/Caches/typescript/3.6/node_modules/@types/istanbul-lib-coverage/index.d.ts'
[20:56:17.664] Adding entry into typings cache: 'istanbul-lib-instrument' => '/Users/simon/Library/Caches/typescript/3.6/node_modules/@types/istanbul-lib-instrument/index.d.ts'
[20:56:17.668] Adding entry into typings cache: 'istanbul-lib-report' => '/Users/simon/Library/Caches/typescript/3.6/node_modules/@types/istanbul-lib-report/index.d.ts'
[20:56:17.671] Adding entry into typings cache: 'istanbul-lib-source-maps' => '/Users/simon/Library/Caches/typescript/3.6/node_modules/@types/istanbul-lib-source-maps/index.d.ts'
[20:56:17.675] Adding entry into typings cache: 'istanbul-reports' => '/Users/simon/Library/Caches/typescript/3.6/node_modules/@types/istanbul-reports/index.d.ts'
[20:56:17.681] Adding entry into typings cache: 'jquery' => '/Users/simon/Library/Caches/typescript/3.6/node_modules/@types/jquery/index.d.ts'
[20:56:17.686] Adding entry into typings cache: 'js-base64' => '/Users/simon/Library/Caches/typescript/3.6/node_modules/@types/js-base64/index.d.ts'
[20:56:17.689] Adding entry into typings cache: 'js-cookie' => '/Users/simon/Library/Caches/typescript/3.6/node_modules/@types/js-cookie/index.d.ts'
[20:56:17.695] Adding entry into typings cache: 'js-levenshtein' => '/Users/simon/Library/Caches/typescript/3.6/node_modules/@types/js-levenshtein/index.d.ts'
[20:56:17.704] Adding entry into typings cache: 'js-yaml' => '/Users/simon/Library/Caches/typescript/3.6/node_modules/@types/js-yaml/index.d.ts'
[20:56:17.710] Adding entry into typings cache: 'jsbn' => '/Users/simon/Library/Caches/typescript/3.6/node_modules/@types/jsbn/index.d.ts'
[20:56:17.714] Adding entry into typings cache: 'jsdom' => '/Users/simon/Library/Caches/typescript/3.6/node_modules/@types/jsdom/ts3.6/index.d.ts'
[20:56:17.718] Adding entry into typings cache: 'jsesc' => '/Users/simon/Library/Caches/typescript/3.6/node_modules/@types/jsesc/index.d.ts'
[20:56:17.733] Adding entry into typings cache: 'json-parse-better-errors' => '/Users/simon/Library/Caches/typescript/3.6/node_modules/@types/json-parse-better-errors/index.d.ts'
[20:56:17.740] Adding entry into typings cache: 'json-schema' => '/Users/simon/Library/Caches/typescript/3.6/node_modules/@types/json-schema/index.d.ts'
[20:56:17.755] Adding entry into typings cache: 'json-schema-traverse' => '/Users/simon/Library/Caches/typescript/3.6/node_modules/@types/json-schema-traverse/index.d.ts'
[20:56:17.759] Adding entry into typings cache: 'json-stable-stringify' => '/Users/simon/Library/Caches/typescript/3.6/node_modules/@types/json-stable-stringify/index.d.ts'
[20:56:17.765] Adding entry into typings cache: 'json-stringify-safe' => '/Users/simon/Library/Caches/typescript/3.6/node_modules/@types/json-stringify-safe/index.d.ts'
[20:56:17.774] Adding entry into typings cache: 'json3' => '/Users/simon/Library/Caches/typescript/3.6/node_modules/@types/json3/index.d.ts'
[20:56:17.779] Adding entry into typings cache: 'json5' => '/Users/simon/Library/Caches/typescript/3.6/node_modules/@types/json5/index.d.ts'
[20:56:17.782] Adding entry into typings cache: 'jsonfile' => '/Users/simon/Library/Caches/typescript/3.6/node_modules/@types/jsonfile/index.d.ts'
[20:56:17.787] Adding entry into typings cache: 'jsurl' => '/Users/simon/Library/Caches/typescript/3.6/node_modules/@types/jsurl/index.d.ts'
[20:56:17.795] Adding entry into typings cache: 'kind-of' => '/Users/simon/Library/Caches/typescript/3.6/node_modules/@types/kind-of/index.d.ts'
[20:56:17.798] Adding entry into typings cache: 'koa' => '/Users/simon/Library/Caches/typescript/3.6/node_modules/@types/koa/index.d.ts'
[20:56:17.806] Adding entry into typings cache: 'koa-bodyparser' => '/Users/simon/Library/Caches/typescript/3.6/node_modules/@types/koa-bodyparser/index.d.ts'
[20:56:17.810] Adding entry into typings cache: 'koa-compose' => '/Users/simon/Library/Caches/typescript/3.6/node_modules/@types/koa-compose/index.d.ts'
[20:56:17.814] Adding entry into typings cache: 'koa-convert' => '/Users/simon/Library/Caches/typescript/3.6/node_modules/@types/koa-convert/index.d.ts'
[20:56:17.818] Adding entry into typings cache: 'koa-router' => '/Users/simon/Library/Caches/typescript/3.6/node_modules/@types/koa-router/index.d.ts'
[20:56:17.821] Adding entry into typings cache: 'koa2-cors' => '/Users/simon/Library/Caches/typescript/3.6/node_modules/@types/koa2-cors/index.d.ts'
[20:56:17.827] Adding entry into typings cache: 'less' => '/Users/simon/Library/Caches/typescript/3.6/node_modules/@types/less/index.d.ts'
[20:56:17.830] Adding entry into typings cache: 'loader-runner' => '/Users/simon/Library/Caches/typescript/3.6/node_modules/@types/loader-runner/index.d.ts'
[20:56:17.835] Adding entry into typings cache: 'loader-utils' => '/Users/simon/Library/Caches/typescript/3.6/node_modules/@types/loader-utils/index.d.ts'
[20:56:17.854] Adding entry into typings cache: 'lodash' => '/Users/simon/Library/Caches/typescript/3.6/node_modules/@types/lodash/ts3.1/index.d.ts'
[20:56:17.869] Adding entry into typings cache: 'lodash.memoize' => '/Users/simon/Library/Caches/typescript/3.6/node_modules/@types/lodash.memoize/index.d.ts'
[20:56:17.873] Adding entry into typings cache: 'lodash.sortby' => '/Users/simon/Library/Caches/typescript/3.6/node_modules/@types/lodash.sortby/index.d.ts'
[20:56:17.877] Adding entry into typings cache: 'lodash.template' => '/Users/simon/Library/Caches/typescript/3.6/node_modules/@types/lodash.template/index.d.ts'
[20:56:17.885] Adding entry into typings cache: 'lodash.uniq' => '/Users/simon/Library/Caches/typescript/3.6/node_modules/@types/lodash.uniq/index.d.ts'
[20:56:17.892] Adding entry into typings cache: 'lru-cache' => '/Users/simon/Library/Caches/typescript/3.6/node_modules/@types/lru-cache/index.d.ts'
[20:56:17.901] Adding entry into typings cache: 'media-typer' => '/Users/simon/Library/Caches/typescript/3.6/node_modules/@types/media-typer/index.d.ts'
[20:56:17.904] Adding entry into typings cache: 'memory-fs' => '/Users/simon/Library/Caches/typescript/3.6/node_modules/@types/memory-fs/index.d.ts'
[20:56:17.908] Adding entry into typings cache: 'meow' => '/Users/simon/Library/Caches/typescript/3.6/node_modules/@types/meow/index.d.ts'
[20:56:17.913] Adding entry into typings cache: 'merge-descriptors' => '/Users/simon/Library/Caches/typescript/3.6/node_modules/@types/merge-descriptors/index.d.ts'
[20:56:17.916] Adding entry into typings cache: 'merge-stream' => '/Users/simon/Library/Caches/typescript/3.6/node_modules/@types/merge-stream/index.d.ts'
[20:56:17.920] Adding entry into typings cache: 'methods' => '/Users/simon/Library/Caches/typescript/3.6/node_modules/@types/methods/index.d.ts'
[20:56:17.925] Adding entry into typings cache: 'micromatch' => '/Users/simon/Library/Caches/typescript/3.6/node_modules/@types/micromatch/index.d.ts'
[20:56:17.927] Adding entry into typings cache: 'mime' => '/Users/simon/Library/Caches/typescript/3.6/node_modules/@types/mime/index.d.ts'
[20:56:17.939] Adding entry into typings cache: 'mime-db' => '/Users/simon/Library/Caches/typescript/3.6/node_modules/@types/mime-db/index.d.ts'
[20:56:17.947] Adding entry into typings cache: 'mime-types' => '/Users/simon/Library/Caches/typescript/3.6/node_modules/@types/mime-types/index.d.ts'
[20:56:17.950] Adding entry into typings cache: 'mini-css-extract-plugin' => '/Users/simon/Library/Caches/typescript/3.6/node_modules/@types/mini-css-extract-plugin/index.d.ts'
[20:56:17.957] Adding entry into typings cache: 'minimalistic-assert' => '/Users/simon/Library/Caches/typescript/3.6/node_modules/@types/minimalistic-assert/index.d.ts'
[20:56:17.962] Adding entry into typings cache: 'minimatch' => '/Users/simon/Library/Caches/typescript/3.6/node_modules/@types/minimatch/index.d.ts'
[20:56:17.965] Adding entry into typings cache: 'minimist' => '/Users/simon/Library/Caches/typescript/3.6/node_modules/@types/minimist/index.d.ts'
[20:56:17.969] Adding entry into typings cache: 'minipass' => '/Users/simon/Library/Caches/typescript/3.6/node_modules/@types/minipass/index.d.ts'
[20:56:17.973] Adding entry into typings cache: 'mkdirp' => '/Users/simon/Library/Caches/typescript/3.6/node_modules/@types/mkdirp/index.d.ts'
[20:56:17.977] Adding entry into typings cache: 'mockjs' => '/Users/simon/Library/Caches/typescript/3.6/node_modules/@types/mockjs/index.d.ts'
[20:56:17.980] Adding entry into typings cache: 'mongodb' => '/Users/simon/Library/Caches/typescript/3.6/node_modules/@types/mongodb/index.d.ts'
[20:56:17.985] Adding entry into typings cache: 'mongoose' => '/Users/simon/Library/Caches/typescript/3.6/node_modules/@types/mongoose/index.d.ts'
[20:56:17.991] Adding entry into typings cache: 'move-concurrently' => '/Users/simon/Library/Caches/typescript/3.6/node_modules/@types/move-concurrently/index.d.ts'
[20:56:18.0] Adding entry into typings cache: 'ms' => '/Users/simon/Library/Caches/typescript/3.6/node_modules/@types/ms/index.d.ts'
[20:56:18.3] Adding entry into typings cache: 'mute-stream' => '/Users/simon/Library/Caches/typescript/3.6/node_modules/@types/mute-stream/index.d.ts'
[20:56:18.7] Adding entry into typings cache: 'natural-compare' => '/Users/simon/Library/Caches/typescript/3.6/node_modules/@types/natural-compare/index.d.ts'
[20:56:18.14] Adding entry into typings cache: 'needle' => '/Users/simon/Library/Caches/typescript/3.6/node_modules/@types/needle/index.d.ts'
[20:56:18.19] Adding entry into typings cache: 'negotiator' => '/Users/simon/Library/Caches/typescript/3.6/node_modules/@types/negotiator/index.d.ts'
[20:56:18.24] Adding entry into typings cache: 'nice-try' => '/Users/simon/Library/Caches/typescript/3.6/node_modules/@types/nice-try/index.d.ts'
[20:56:18.29] Adding entry into typings cache: 'node' => '/Users/simon/Library/Caches/typescript/3.6/node_modules/@types/node/ts3.5/index.d.ts'
[20:56:18.32] Adding entry into typings cache: 'node-forge' => '/Users/simon/Library/Caches/typescript/3.6/node_modules/@types/node-forge/index.d.ts'
[20:56:18.36] Adding entry into typings cache: 'node-int64' => '/Users/simon/Library/Caches/typescript/3.6/node_modules/@types/node-int64/index.d.ts'
[20:56:18.40] Adding entry into typings cache: 'node-notifier' => '/Users/simon/Library/Caches/typescript/3.6/node_modules/@types/node-notifier/index.d.ts'
[20:56:18.47] Adding entry into typings cache: 'node-sass' => '/Users/simon/Library/Caches/typescript/3.6/node_modules/@types/node-sass/index.d.ts'
[20:56:18.53] Adding entry into typings cache: 'nopt' => '/Users/simon/Library/Caches/typescript/3.6/node_modules/@types/nopt/index.d.ts'
[20:56:18.59] Adding entry into typings cache: 'normalize-package-data' => '/Users/simon/Library/Caches/typescript/3.6/node_modules/@types/normalize-package-data/index.d.ts'
[20:56:18.74] Adding entry into typings cache: 'normalize-path' => '/Users/simon/Library/Caches/typescript/3.6/node_modules/@types/normalize-path/index.d.ts'
[20:56:18.77] Adding entry into typings cache: 'npm-packlist' => '/Users/simon/Library/Caches/typescript/3.6/node_modules/@types/npm-packlist/index.d.ts'
[20:56:18.80] Adding entry into typings cache: 'npmlog' => '/Users/simon/Library/Caches/typescript/3.6/node_modules/@types/npmlog/index.d.ts'
[20:56:18.83] Adding entry into typings cache: 'number-is-nan' => '/Users/simon/Library/Caches/typescript/3.6/node_modules/@types/number-is-nan/index.d.ts'
[20:56:18.88] Adding entry into typings cache: 'object-assign' => '/Users/simon/Library/Caches/typescript/3.6/node_modules/@types/object-assign/index.d.ts'
[20:56:18.92] Adding entry into typings cache: 'object-inspect' => '/Users/simon/Library/Caches/typescript/3.6/node_modules/@types/object-inspect/index.d.ts'
[20:56:18.96] Adding entry into typings cache: 'object-keys' => '/Users/simon/Library/Caches/typescript/3.6/node_modules/@types/object-keys/index.d.ts'
[20:56:18.100] Adding entry into typings cache: 'object.getownpropertydescriptors' => '/Users/simon/Library/Caches/typescript/3.6/node_modules/@types/object.getownpropertydescriptors/index.d.ts'
[20:56:18.111] Adding entry into typings cache: 'object.pick' => '/Users/simon/Library/Caches/typescript/3.6/node_modules/@types/object.pick/index.d.ts'
[20:56:18.115] Adding entry into typings cache: 'on-finished' => '/Users/simon/Library/Caches/typescript/3.6/node_modules/@types/on-finished/index.d.ts'
[20:56:18.119] Adding entry into typings cache: 'on-headers' => '/Users/simon/Library/Caches/typescript/3.6/node_modules/@types/on-headers/index.d.ts'
[20:56:18.123] Adding entry into typings cache: 'once' => '/Users/simon/Library/Caches/typescript/3.6/node_modules/@types/once/index.d.ts'
[20:56:18.130] Adding entry into typings cache: 'opener' => '/Users/simon/Library/Caches/typescript/3.6/node_modules/@types/opener/index.d.ts'
[20:56:18.134] Adding entry into typings cache: 'optimize-css-assets-webpack-plugin' => '/Users/simon/Library/Caches/typescript/3.6/node_modules/@types/optimize-css-assets-webpack-plugin/index.d.ts'
[20:56:18.138] Adding entry into typings cache: 'original' => '/Users/simon/Library/Caches/typescript/3.6/node_modules/@types/original/index.d.ts'
[20:56:18.141] Adding entry into typings cache: 'os-homedir' => '/Users/simon/Library/Caches/typescript/3.6/node_modules/@types/os-homedir/index.d.ts'
[20:56:18.145] Adding entry into typings cache: 'os-tmpdir' => '/Users/simon/Library/Caches/typescript/3.6/node_modules/@types/os-tmpdir/index.d.ts'
[20:56:18.149] Adding entry into typings cache: 'osenv' => '/Users/simon/Library/Caches/typescript/3.6/node_modules/@types/osenv/index.d.ts'
[20:56:18.155] Adding entry into typings cache: 'pako' => '/Users/simon/Library/Caches/typescript/3.6/node_modules/@types/pako/index.d.ts'
[20:56:18.160] Adding entry into typings cache: 'parallel-transform' => '/Users/simon/Library/Caches/typescript/3.6/node_modules/@types/parallel-transform/index.d.ts'
[20:56:18.166] Adding entry into typings cache: 'parse-json' => '/Users/simon/Library/Caches/typescript/3.6/node_modules/@types/parse-json/index.d.ts'
[20:56:18.170] Adding entry into typings cache: 'parse-passwd' => '/Users/simon/Library/Caches/typescript/3.6/node_modules/@types/parse-passwd/index.d.ts'
[20:56:18.178] Adding entry into typings cache: 'parse5' => '/Users/simon/Library/Caches/typescript/3.6/node_modules/@types/parse5/index.d.ts'
[20:56:18.182] Adding entry into typings cache: 'parseurl' => '/Users/simon/Library/Caches/typescript/3.6/node_modules/@types/parseurl/index.d.ts'
[20:56:18.186] Adding entry into typings cache: 'pascalcase' => '/Users/simon/Library/Caches/typescript/3.6/node_modules/@types/pascalcase/index.d.ts'
[20:56:18.198] Adding entry into typings cache: 'path-is-absolute' => '/Users/simon/Library/Caches/typescript/3.6/node_modules/@types/path-is-absolute/index.d.ts'
[20:56:18.201] Adding entry into typings cache: 'path-is-inside' => '/Users/simon/Library/Caches/typescript/3.6/node_modules/@types/path-is-inside/index.d.ts'
[20:56:18.207] Adding entry into typings cache: 'path-parse' => '/Users/simon/Library/Caches/typescript/3.6/node_modules/@types/path-parse/index.d.ts'
[20:56:18.210] Adding entry into typings cache: 'pbkdf2' => '/Users/simon/Library/Caches/typescript/3.6/node_modules/@types/pbkdf2/index.d.ts'
[20:56:18.215] Adding entry into typings cache: 'picomatch' => '/Users/simon/Library/Caches/typescript/3.6/node_modules/@types/picomatch/index.d.ts'
[20:56:18.218] Adding entry into typings cache: 'pify' => '/Users/simon/Library/Caches/typescript/3.6/node_modules/@types/pify/index.d.ts'
[20:56:18.222] Adding entry into typings cache: 'postcss-calc' => '/Users/simon/Library/Caches/typescript/3.6/node_modules/@types/postcss-calc/index.d.ts'
[20:56:18.227] Adding entry into typings cache: 'postcss-load-config' => '/Users/simon/Library/Caches/typescript/3.6/node_modules/@types/postcss-load-config/index.d.ts'
[20:56:18.230] Adding entry into typings cache: 'postcss-modules-extract-imports' => '/Users/simon/Library/Caches/typescript/3.6/node_modules/@types/postcss-modules-extract-imports/index.d.ts'
[20:56:18.234] Adding entry into typings cache: 'postcss-modules-local-by-default' => '/Users/simon/Library/Caches/typescript/3.6/node_modules/@types/postcss-modules-local-by-default/index.d.ts'
[20:56:18.241] Adding entry into typings cache: 'postcss-modules-scope' => '/Users/simon/Library/Caches/typescript/3.6/node_modules/@types/postcss-modules-scope/index.d.ts'
[20:56:18.247] Adding entry into typings cache: 'postcss-modules-values' => '/Users/simon/Library/Caches/typescript/3.6/node_modules/@types/postcss-modules-values/index.d.ts'
[20:56:18.261] Adding entry into typings cache: 'prelude-ls' => '/Users/simon/Library/Caches/typescript/3.6/node_modules/@types/prelude-ls/index.d.ts'
[20:56:18.265] Adding entry into typings cache: 'progress' => '/Users/simon/Library/Caches/typescript/3.6/node_modules/@types/progress/index.d.ts'
[20:56:18.268] Adding entry into typings cache: 'promise-inflight' => '/Users/simon/Library/Caches/typescript/3.6/node_modules/@types/promise-inflight/index.d.ts'
[20:56:18.272] Adding entry into typings cache: 'promise-polyfill' => '/Users/simon/Library/Caches/typescript/3.6/node_modules/@types/promise-polyfill/index.d.ts'
[20:56:18.276] Adding entry into typings cache: 'prompts' => '/Users/simon/Library/Caches/typescript/3.6/node_modules/@types/prompts/index.d.ts'
[20:56:18.280] Adding entry into typings cache: 'proxy-addr' => '/Users/simon/Library/Caches/typescript/3.6/node_modules/@types/proxy-addr/index.d.ts'
[20:56:18.285] Adding entry into typings cache: 'psl' => '/Users/simon/Library/Caches/typescript/3.6/node_modules/@types/psl/index.d.ts'
[20:56:18.289] Adding entry into typings cache: 'pump' => '/Users/simon/Library/Caches/typescript/3.6/node_modules/@types/pump/index.d.ts'
[20:56:18.293] Adding entry into typings cache: 'pumpify' => '/Users/simon/Library/Caches/typescript/3.6/node_modules/@types/pumpify/index.d.ts'
[20:56:18.300] Adding entry into typings cache: 'punycode' => '/Users/simon/Library/Caches/typescript/3.6/node_modules/@types/punycode/index.d.ts'
[20:56:18.316] Adding entry into typings cache: 'q' => '/Users/simon/Library/Caches/typescript/3.6/node_modules/@types/q/index.d.ts'
[20:56:18.320] Adding entry into typings cache: 'qs' => '/Users/simon/Library/Caches/typescript/3.6/node_modules/@types/qs/index.d.ts'
[20:56:18.324] Adding entry into typings cache: 'querystringify' => '/Users/simon/Library/Caches/typescript/3.6/node_modules/@types/querystringify/index.d.ts'
[20:56:18.330] Adding entry into typings cache: 'randombytes' => '/Users/simon/Library/Caches/typescript/3.6/node_modules/@types/randombytes/index.d.ts'
[20:56:18.333] Adding entry into typings cache: 'range-parser' => '/Users/simon/Library/Caches/typescript/3.6/node_modules/@types/range-parser/index.d.ts'
[20:56:18.338] Adding entry into typings cache: 'rc' => '/Users/simon/Library/Caches/typescript/3.6/node_modules/@types/rc/index.d.ts'
[20:56:18.346] Adding entry into typings cache: 'react-is' => '/Users/simon/Library/Caches/typescript/3.6/node_modules/@types/react-is/index.d.ts'
[20:56:18.356] Adding entry into typings cache: 'readable-stream' => '/Users/simon/Library/Caches/typescript/3.6/node_modules/@types/readable-stream/index.d.ts'
[20:56:18.361] Adding entry into typings cache: 'regenerator-runtime' => '/Users/simon/Library/Caches/typescript/3.6/node_modules/@types/regenerator-runtime/index.d.ts'
[20:56:18.368] Adding entry into typings cache: 'relateurl' => '/Users/simon/Library/Caches/typescript/3.6/node_modules/@types/relateurl/index.d.ts'
[20:56:18.377] Adding entry into typings cache: 'repeat-element' => '/Users/simon/Library/Caches/typescript/3.6/node_modules/@types/repeat-element/index.d.ts'
[20:56:18.389] Adding entry into typings cache: 'repeat-string' => '/Users/simon/Library/Caches/typescript/3.6/node_modules/@types/repeat-string/index.d.ts'
[20:56:18.393] Adding entry into typings cache: 'repeating' => '/Users/simon/Library/Caches/typescript/3.6/node_modules/@types/repeating/index.d.ts'
[20:56:18.396] Adding entry into typings cache: 'request' => '/Users/simon/Library/Caches/typescript/3.6/node_modules/@types/request/index.d.ts'
[20:56:18.401] Adding entry into typings cache: 'request-promise-native' => '/Users/simon/Library/Caches/typescript/3.6/node_modules/@types/request-promise-native/index.d.ts'
[20:56:18.404] Adding entry into typings cache: 'require-directory' => '/Users/simon/Library/Caches/typescript/3.6/node_modules/@types/require-directory/index.d.ts'
[20:56:18.409] Adding entry into typings cache: 'requires-port' => '/Users/simon/Library/Caches/typescript/3.6/node_modules/@types/requires-port/index.d.ts'
[20:56:18.413] Adding entry into typings cache: 'resolve' => '/Users/simon/Library/Caches/typescript/3.6/node_modules/@types/resolve/index.d.ts'
[20:56:18.418] Adding entry into typings cache: 'retry' => '/Users/simon/Library/Caches/typescript/3.6/node_modules/@types/retry/index.d.ts'
[20:56:18.421] Adding entry into typings cache: 'rimraf' => '/Users/simon/Library/Caches/typescript/3.6/node_modules/@types/rimraf/index.d.ts'
[20:56:18.425] Adding entry into typings cache: 'ripemd160' => '/Users/simon/Library/Caches/typescript/3.6/node_modules/@types/ripemd160/index.d.ts'
[20:56:18.432] Adding entry into typings cache: 'rsvp' => '/Users/simon/Library/Caches/typescript/3.6/node_modules/@types/rsvp/index.d.ts'
[20:56:18.450] Adding entry into typings cache: 'safe-regex' => '/Users/simon/Library/Caches/typescript/3.6/node_modules/@types/safe-regex/index.d.ts'
[20:56:18.457] Adding entry into typings cache: 'safer-buffer' => '/Users/simon/Library/Caches/typescript/3.6/node_modules/@types/safer-buffer/index.d.ts'
[20:56:18.461] Adding entry into typings cache: 'sane' => '/Users/simon/Library/Caches/typescript/3.6/node_modules/@types/sane/index.d.ts'
[20:56:18.465] Adding entry into typings cache: 'sass-graph' => '/Users/simon/Library/Caches/typescript/3.6/node_modules/@types/sass-graph/index.d.ts'
[20:56:18.470] Adding entry into typings cache: 'sass-loader' => '/Users/simon/Library/Caches/typescript/3.6/node_modules/@types/sass-loader/index.d.ts'
[20:56:18.474] Adding entry into typings cache: 'sax' => '/Users/simon/Library/Caches/typescript/3.6/node_modules/@types/sax/index.d.ts'
[20:56:18.478] Adding entry into typings cache: 'semver' => '/Users/simon/Library/Caches/typescript/3.6/node_modules/@types/semver/index.d.ts'
[20:56:18.483] Adding entry into typings cache: 'send' => '/Users/simon/Library/Caches/typescript/3.6/node_modules/@types/send/index.d.ts'
[20:56:18.487] Adding entry into typings cache: 'serialize-javascript' => '/Users/simon/Library/Caches/typescript/3.6/node_modules/@types/serialize-javascript/index.d.ts'
[20:56:18.490] Adding entry into typings cache: 'serve-index' => '/Users/simon/Library/Caches/typescript/3.6/node_modules/@types/serve-index/index.d.ts'
[20:56:18.493] Adding entry into typings cache: 'serve-static' => '/Users/simon/Library/Caches/typescript/3.6/node_modules/@types/serve-static/index.d.ts'
[20:56:18.500] Adding entry into typings cache: 'set-value' => '/Users/simon/Library/Caches/typescript/3.6/node_modules/@types/set-value/index.d.ts'
[20:56:18.504] Adding entry into typings cache: 'setimmediate' => '/Users/simon/Library/Caches/typescript/3.6/node_modules/@types/setimmediate/ts3.1/index.d.ts'
[20:56:18.507] Adding entry into typings cache: 'sha.js' => '/Users/simon/Library/Caches/typescript/3.6/node_modules/@types/sha.js/index.d.ts'
[20:56:18.509] Adding entry into typings cache: 'shebang-command' => '/Users/simon/Library/Caches/typescript/3.6/node_modules/@types/shebang-command/index.d.ts'
[20:56:18.515] Adding entry into typings cache: 'signal-exit' => '/Users/simon/Library/Caches/typescript/3.6/node_modules/@types/signal-exit/index.d.ts'
[20:56:18.517] Adding entry into typings cache: 'slice-ansi' => '/Users/simon/Library/Caches/typescript/3.6/node_modules/@types/slice-ansi/index.d.ts'
[20:56:18.521] Adding entry into typings cache: 'sockjs' => '/Users/simon/Library/Caches/typescript/3.6/node_modules/@types/sockjs/index.d.ts'
[20:56:18.525] Adding entry into typings cache: 'sockjs-client' => '/Users/simon/Library/Caches/typescript/3.6/node_modules/@types/sockjs-client/index.d.ts'
[20:56:18.527] Adding entry into typings cache: 'source-list-map' => '/Users/simon/Library/Caches/typescript/3.6/node_modules/@types/source-list-map/index.d.ts'
[20:56:18.538] Adding entry into typings cache: 'source-map-support' => '/Users/simon/Library/Caches/typescript/3.6/node_modules/@types/source-map-support/index.d.ts'
[20:56:18.541] Adding entry into typings cache: 'spdx-correct' => '/Users/simon/Library/Caches/typescript/3.6/node_modules/@types/spdx-correct/index.d.ts'
[20:56:18.545] Adding entry into typings cache: 'spdy' => '/Users/simon/Library/Caches/typescript/3.6/node_modules/@types/spdy/index.d.ts'
[20:56:18.549] Adding entry into typings cache: 'sprintf' => '/Users/simon/Library/Caches/typescript/3.6/node_modules/@types/sprintf/index.d.ts'
[20:56:18.553] Adding entry into typings cache: 'sprintf-js' => '/Users/simon/Library/Caches/typescript/3.6/node_modules/@types/sprintf-js/index.d.ts'
[20:56:18.556] Adding entry into typings cache: 'sshpk' => '/Users/simon/Library/Caches/typescript/3.6/node_modules/@types/sshpk/index.d.ts'
[20:56:18.565] Adding entry into typings cache: 'ssri' => '/Users/simon/Library/Caches/typescript/3.6/node_modules/@types/ssri/index.d.ts'
[20:56:18.571] Adding entry into typings cache: 'stack-utils' => '/Users/simon/Library/Caches/typescript/3.6/node_modules/@types/stack-utils/index.d.ts'
[20:56:18.575] Adding entry into typings cache: 'statuses' => '/Users/simon/Library/Caches/typescript/3.6/node_modules/@types/statuses/index.d.ts'
[20:56:18.579] Adding entry into typings cache: 'stdout-stream' => '/Users/simon/Library/Caches/typescript/3.6/node_modules/@types/stdout-stream/index.d.ts'
[20:56:18.585] Adding entry into typings cache: 'stream-each' => '/Users/simon/Library/Caches/typescript/3.6/node_modules/@types/stream-each/index.d.ts'
[20:56:18.591] Adding entry into typings cache: 'stream-shift' => '/Users/simon/Library/Caches/typescript/3.6/node_modules/@types/stream-shift/index.d.ts'
[20:56:18.597] Adding entry into typings cache: 'strict-uri-encode' => '/Users/simon/Library/Caches/typescript/3.6/node_modules/@types/strict-uri-encode/index.d.ts'
[20:56:18.601] Adding entry into typings cache: 'stringify-object' => '/Users/simon/Library/Caches/typescript/3.6/node_modules/@types/stringify-object/index.d.ts'
[20:56:18.607] Adding entry into typings cache: 'strip-comments' => '/Users/simon/Library/Caches/typescript/3.6/node_modules/@types/strip-comments/index.d.ts'
[20:56:18.617] Adding entry into typings cache: 'supports-color' => '/Users/simon/Library/Caches/typescript/3.6/node_modules/@types/supports-color/index.d.ts'
[20:56:18.622] Adding entry into typings cache: 'svgo' => '/Users/simon/Library/Caches/typescript/3.6/node_modules/@types/svgo/index.d.ts'
[20:56:18.626] Adding entry into typings cache: 'symbol-tree' => '/Users/simon/Library/Caches/typescript/3.6/node_modules/@types/symbol-tree/index.d.ts'
[20:56:18.632] Adding entry into typings cache: 'table' => '/Users/simon/Library/Caches/typescript/3.6/node_modules/@types/table/index.d.ts'
[20:56:18.635] Adding entry into typings cache: 'tapable' => '/Users/simon/Library/Caches/typescript/3.6/node_modules/@types/tapable/index.d.ts'
[20:56:18.640] Adding entry into typings cache: 'tar' => '/Users/simon/Library/Caches/typescript/3.6/node_modules/@types/tar/index.d.ts'
[20:56:18.644] Adding entry into typings cache: 'terser-webpack-plugin' => '/Users/simon/Library/Caches/typescript/3.6/node_modules/@types/terser-webpack-plugin/index.d.ts'
[20:56:18.653] Adding entry into typings cache: 'text-table' => '/Users/simon/Library/Caches/typescript/3.6/node_modules/@types/text-table/index.d.ts'
[20:56:18.657] Adding entry into typings cache: 'through' => '/Users/simon/Library/Caches/typescript/3.6/node_modules/@types/through/index.d.ts'
[20:56:18.668] Adding entry into typings cache: 'through2' => '/Users/simon/Library/Caches/typescript/3.6/node_modules/@types/through2/index.d.ts'
[20:56:18.685] Adding entry into typings cache: 'timsort' => '/Users/simon/Library/Caches/typescript/3.6/node_modules/@types/timsort/index.d.ts'
[20:56:18.689] Adding entry into typings cache: 'tmp' => '/Users/simon/Library/Caches/typescript/3.6/node_modules/@types/tmp/index.d.ts'
